<?xml version="1.0" encoding="UTF-8"?>
<!-- Generated by org.testng.reporters.JUnitXMLReporter -->
<testsuite ignored="0" hostname="Ananta" failures="0" tests="5" name="Default test" time="11.229" errors="0" timestamp="2024-01-03T18:03:56 MEZ">
  <testcase classname="testCases.TC_VedioGAmeAPI" name="test_GETallVedioGames" time="3.783"/>
  <testcase classname="testCases.TC_VedioGAmeAPI" name="test_AddaVedioGame" time="2.032"/>
  <testcase classname="testCases.TC_VedioGAmeAPI" name="test_GETAvediogamebyID" time="2.459"/>
  <testcase classname="testCases.TC_VedioGAmeAPI" name="test_UpdateAGameinDB" time="1.451"/>
  <testcase classname="testCases.TC_VedioGAmeAPI" name="test_DeleteGame" time="1.352"/>
</testsuite> <!-- Default test -->
