<?xml version="1.0" encoding="UTF-8"?>
<!-- Generated by org.testng.reporters.JUnitXMLReporter -->
<testsuite ignored="0" hostname="Ananta" failures="0" tests="5" name="Test" time="10.051" errors="0" timestamp="2024-01-03T18:17:50 MEZ">
  <testcase classname="testCases.TC_VedioGAmeAPI" name="test_GETallVedioGames" time="3.809"/>
  <testcase classname="testCases.TC_VedioGAmeAPI" name="test_AddaVedioGame" time="2.069"/>
  <testcase classname="testCases.TC_VedioGAmeAPI" name="test_GETAvediogamebyID" time="2.516"/>
  <testcase classname="testCases.TC_VedioGAmeAPI" name="test_UpdateAGameinDB" time="1.004"/>
  <testcase classname="testCases.TC_VedioGAmeAPI" name="test_DeleteGame" time="0.487"/>
</testsuite> <!-- Test -->
