<?xml version="1.0" encoding="UTF-8"?>
<testsuite xmlns:xsi="http://www.w3.org/2001/XMLSchema-instance" xsi:noNamespaceSchemaLocation="https://maven.apache.org/surefire/maven-surefire-plugin/xsd/surefire-test-report-3.0.xsd" version="3.0" name="TestSuite" time="7.567" tests="5" errors="0" skipped="0" failures="0">
  <properties>
[...]
</properties>
  <testcase name="test_GETallVedioGames" classname="testCases.TC_VedioGAmeAPI" time="3.442">
    <system-err><![CDATA[SLF4J: Failed to load class "org.slf4j.impl.StaticLoggerBinder".
SLF4J: Defaulting to no-operation (NOP) logger implementation
SLF4J: See http://www.slf4j.org/codes.html#StaticLoggerBinder for further details.
]]></system-err>
  </testcase>
  <testcase name="test_AddaVedioGame" classname="testCases.TC_VedioGAmeAPI" time="0.843">
    <system-out><![CDATA[{
    "id": 0,
    "name": "SuperMario",
    "releaseDate": "2022-05-04",
    "reviewScore": 85,
    "category": "Adventure",
    "rating": "PG-21"
}
]]></system-out>
  </testcase>
  <testcase name="test_GETAvediogamebyID" classname="testCases.TC_VedioGAmeAPI" time="1.518">
    <system-out><![CDATA[{
    "id": 5,
    "name": "The Legend of Zelda: Ocarina of Time",
    "releaseDate": "1998-12-10 23:59:59",
    "reviewScore": 93,
    "category": "Adventure",
    "rating": "PG-13"
}
]]></system-out>
  </testcase>
  <testcase name="test_UpdateAGameinDB" classname="testCases.TC_VedioGAmeAPI" time="0.619">
    <system-out><![CDATA[<VideoGame category="Puzzle">
  <id>5</id>
  <name>Tetris</name>
  <releaseDate>2022-05-04</releaseDate>
  <reviewScore>93</reviewScore>
  <rating>E-8</rating>
</VideoGame>
]]></system-out>
  </testcase>
  <testcase name="test_DeleteGame" classname="testCases.TC_VedioGAmeAPI" time="0.157">
    <system-out><![CDATA[Video game deleted
]]></system-out>
  </testcase>
</testsuite>