<?xml version="1.0" encoding="UTF-8"?>
<testng-results ignored="0" total="5" passed="5" failed="0" skipped="0">
  <reporter-output>
  </reporter-output>
  <suite started-at="2024-01-03T18:17:40 MEZ" name="Suite" finished-at="2024-01-03T18:17:50 MEZ" duration-ms="10051">
    <groups>
    </groups>
    <test started-at="2024-01-03T18:17:40 MEZ" name="Test" finished-at="2024-01-03T18:17:50 MEZ" duration-ms="10051">
      <class name="testCases.TC_VedioGAmeAPI">
        <test-method signature="test_GETallVedioGames()[pri:0, instance:testCases.TC_VedioGAmeAPI@342c38f8]" started-at="2024-01-03T18:17:40 MEZ" name="test_GETallVedioGames" finished-at="2024-01-03T18:17:44 MEZ" duration-ms="3809" status="PASS">
          <reporter-output>
          </reporter-output>
        </test-method> <!-- test_GETallVedioGames -->
        <test-method signature="test_AddaVedioGame()[pri:1, instance:testCases.TC_VedioGAmeAPI@342c38f8]" started-at="2024-01-03T18:17:44 MEZ" name="test_AddaVedioGame" finished-at="2024-01-03T18:17:46 MEZ" duration-ms="2069" status="PASS">
          <reporter-output>
          </reporter-output>
        </test-method> <!-- test_AddaVedioGame -->
        <test-method signature="test_GETAvediogamebyID()[pri:2, instance:testCases.TC_VedioGAmeAPI@342c38f8]" started-at="2024-01-03T18:17:46 MEZ" name="test_GETAvediogamebyID" finished-at="2024-01-03T18:17:49 MEZ" duration-ms="2516" status="PASS">
          <reporter-output>
          </reporter-output>
        </test-method> <!-- test_GETAvediogamebyID -->
        <test-method signature="test_UpdateAGameinDB()[pri:3, instance:testCases.TC_VedioGAmeAPI@342c38f8]" started-at="2024-01-03T18:17:49 MEZ" name="test_UpdateAGameinDB" finished-at="2024-01-03T18:17:50 MEZ" duration-ms="1004" status="PASS">
          <reporter-output>
          </reporter-output>
        </test-method> <!-- test_UpdateAGameinDB -->
        <test-method signature="test_DeleteGame()[pri:4, instance:testCases.TC_VedioGAmeAPI@342c38f8]" started-at="2024-01-03T18:17:50 MEZ" name="test_DeleteGame" finished-at="2024-01-03T18:17:50 MEZ" duration-ms="487" status="PASS">
          <reporter-output>
          </reporter-output>
        </test-method> <!-- test_DeleteGame -->
      </class> <!-- testCases.TC_VedioGAmeAPI -->
    </test> <!-- Test -->
  </suite> <!-- Suite -->
</testng-results>
